<?xml version="1.0" encoding="UTF-8"?>
<testng-results skipped="0" failed="0" ignored="0" total="1" passed="1">
  <reporter-output>
  </reporter-output>
  <suite name="Suite" duration-ms="28" started-at="2018-07-22T01:05:06Z" finished-at="2018-07-22T01:05:06Z">
    <groups>
    </groups>
    <test name="Test" duration-ms="28" started-at="2018-07-22T01:05:06Z" finished-at="2018-07-22T01:05:06Z">
      <class name="com.funimation.BDD.Sample">
        <test-method status="PASS" signature="profile()[pri:0, instance:com.funimation.BDD.Sample@3a03464]" name="profile" duration-ms="6" started-at="2018-07-22T01:05:06Z" finished-at="2018-07-22T01:05:06Z">
          <reporter-output>
          </reporter-output>
        </test-method> <!-- profile -->
      </class> <!-- com.funimation.BDD.Sample -->
    </test> <!-- Test -->
  </suite> <!-- Suite -->
</testng-results>
