<?xml version="1.0" encoding="UTF-8"?>
<testng-results skipped="0" failed="0" ignored="1" total="2" passed="1">
  <reporter-output>
  </reporter-output>
  <suite name="Suite" duration-ms="29" started-at="2018-07-22T19:55:10Z" finished-at="2018-07-22T19:55:10Z">
    <groups>
    </groups>
    <test name="Test" duration-ms="29" started-at="2018-07-22T19:55:10Z" finished-at="2018-07-22T19:55:10Z">
      <class name="com.funimation.BDD.TestNGSamples">
        <test-method status="PASS" signature="login()[pri:0, instance:com.funimation.BDD.TestNGSamples@67b6d4ae]" name="login" duration-ms="6" started-at="2018-07-22T19:55:10Z" finished-at="2018-07-22T19:55:10Z">
          <reporter-output>
          </reporter-output>
        </test-method> <!-- login -->
      </class> <!-- com.funimation.BDD.TestNGSamples -->
    </test> <!-- Test -->
  </suite> <!-- Suite -->
</testng-results>
